c:\users\erik di biase\desktop\projects\redaxegl\redaxegl\debug\vc141.pdb
c:\users\erik di biase\desktop\projects\redaxegl\redaxegl\debug\vc141.idb
c:\users\erik di biase\desktop\projects\redaxegl\redaxegl\debug\bmodel.obj
c:\users\erik di biase\desktop\projects\redaxegl\redaxegl\debug\bview.obj
c:\users\erik di biase\desktop\projects\redaxegl\redaxegl\debug\ccamera.obj
c:\users\erik di biase\desktop\projects\redaxegl\redaxegl\debug\clight.obj
c:\users\erik di biase\desktop\projects\redaxegl\redaxegl\debug\cobject.obj
c:\users\erik di biase\desktop\projects\redaxegl\redaxegl\debug\ctext.obj
c:\users\erik di biase\desktop\projects\redaxegl\redaxegl\debug\engine.obj
c:\users\erik di biase\desktop\projects\redaxegl\redaxegl\debug\gamestate.obj
c:\users\erik di biase\desktop\projects\redaxegl\redaxegl\debug\glloader.obj
c:\users\erik di biase\desktop\projects\redaxegl\redaxegl\debug\glscreen.obj
c:\users\erik di biase\desktop\projects\redaxegl\redaxegl\debug\glshader.obj
c:\users\erik di biase\desktop\projects\redaxegl\redaxegl\debug\playstate.obj
c:\users\erik di biase\desktop\projects\redaxegl\redaxegl\debug\source.obj
c:\users\erik di biase\desktop\projects\redaxegl\redaxegl\debug\opengl.obj
c:\users\erik di biase\desktop\projects\redaxegl\debug\redaxegl.ilk
c:\users\erik di biase\desktop\projects\redaxegl\debug\redaxegl.exe
c:\users\erik di biase\desktop\projects\redaxegl\debug\redaxegl.pdb
c:\users\erik di biase\desktop\projects\redaxegl\redaxegl\debug\redaxegl.tlog\cl.command.1.tlog
c:\users\erik di biase\desktop\projects\redaxegl\redaxegl\debug\redaxegl.tlog\cl.read.1.tlog
c:\users\erik di biase\desktop\projects\redaxegl\redaxegl\debug\redaxegl.tlog\cl.write.1.tlog
c:\users\erik di biase\desktop\projects\redaxegl\redaxegl\debug\redaxegl.tlog\link.command.1.tlog
c:\users\erik di biase\desktop\projects\redaxegl\redaxegl\debug\redaxegl.tlog\link.read.1.tlog
c:\users\erik di biase\desktop\projects\redaxegl\redaxegl\debug\redaxegl.tlog\link.write.1.tlog
