  BModel.cpp
  BView.cpp
  CCamera.cpp
  CLight.cpp
  CObject.cpp
  CText.cpp
  Engine.cpp
  GameState.cpp
  GLLoader.cpp
  GLScreen.cpp
  GLShader.cpp
  PlayState.cpp
  Source.cpp
  OpenGL.c
  Generating code
  2237 of 2250 functions (99.4%) were compiled, the rest were copied from previous compilation.
    29 functions were new in current compilation
    0 functions had inline decision re-evaluated but remain unchanged
  Finished generating code
  RedaxeGL.vcxproj -> C:\Users\Erik\Desktop\Projects\Third Year\RedaxeGL\Release\RedaxeGL.exe
  RedaxeGL.vcxproj -> C:\Users\Erik\Desktop\Projects\Third Year\RedaxeGL\Release\RedaxeGL.pdb (Full PDB)
